=== EMAIL LOG - 2025-10-08 10:09:02 ===
To: sandunihansika001@gmail.com
Subject: Reply from Mer Florist
From Admin: Admin
Message:
Dear Sanduni Hansika,

Thank you for contacting us. Here's our response:

Thank you for connecting

Best regards,
Admin
Mer Florist Team

---
This is an automated response from our admin panel.
If you need immediate assistance, please call us directly.
=====================================

=== EMAIL LOG - 2025-10-08 10:09:17 ===
To: sandunihansika001@gmail.com
Subject: Reply from Mer Florist
From Admin: Admin
Message:
Dear Sanduni Hansika,

Thank you for contacting us. Here's our response:

Thank you for connecting

Best regards,
Admin
Mer Florist Team

---
This is an automated response from our admin panel.
If you need immediate assistance, please call us directly.
=====================================

